/Users/sudiptomaity/projects/sockets/Socket_Project/New_socket_proj/web/server.py:29: DeprecationWarning: websockets.server.serve is deprecated
  from websockets.server import serve as ws_serve
Exception in thread Thread-1:
Traceback (most recent call last):
  File "/Library/Developer/CommandLineTools/Library/Frameworks/Python3.framework/Versions/3.9/lib/python3.9/threading.py", line 973, in _bootstrap_inner
    self.run()
  File "/Library/Developer/CommandLineTools/Library/Frameworks/Python3.framework/Versions/3.9/lib/python3.9/threading.py", line 910, in run
[web]  WS    → ws://localhost:8765
    self._target(*self._args, **self._kwargs)
  File "/Users/sudiptomaity/projects/sockets/Socket_Project/New_socket_proj/web/server.py", line 56, in run_http
Traceback (most recent call last):
  File "/Users/sudiptomaity/projects/sockets/Socket_Project/New_socket_proj/web/server.py", line 199, in <module>
    httpd = HTTPServer(("0.0.0.0", port), SilentHandler)
  File "/Library/Developer/CommandLineTools/Library/Frameworks/Python3.framework/Versions/3.9/lib/python3.9/socketserver.py", line 452, in __init__
    main()
  File "/Users/sudiptomaity/projects/sockets/Socket_Project/New_socket_proj/web/server.py", line 191, in main
    self.server_bind()
    asyncio.run(main_async(args))
  File "/Library/Developer/CommandLineTools/Library/Frameworks/Python3.framework/Versions/3.9/lib/python3.9/asyncio/runners.py", line 44, in run
  File "/Library/Developer/CommandLineTools/Library/Frameworks/Python3.framework/Versions/3.9/lib/python3.9/http/server.py", line 138, in server_bind
    return loop.run_until_complete(main)
  File "/Library/Developer/CommandLineTools/Library/Frameworks/Python3.framework/Versions/3.9/lib/python3.9/asyncio/base_events.py", line 642, in run_until_complete
    socketserver.TCPServer.server_bind(self)
  File "/Library/Developer/CommandLineTools/Library/Frameworks/Python3.framework/Versions/3.9/lib/python3.9/socketserver.py", line 466, in server_bind
    return future.result()
  File "/Users/sudiptomaity/projects/sockets/Socket_Project/New_socket_proj/web/server.py", line 169, in main_async
    self.socket.bind(self.server_address)
    ws_server = await ws_serve(ws_handler, "0.0.0.0", args.ws_port)
OSError: [Errno 48] Address already in use
  File "/Users/sudiptomaity/Library/Python/3.9/lib/python/site-packages/websockets/legacy/server.py", line 1123, in __await_impl__
    server = await self._create_server()
  File "/Library/Developer/CommandLineTools/Library/Frameworks/Python3.framework/Versions/3.9/lib/python3.9/asyncio/base_events.py", line 1494, in create_server
    raise OSError(err.errno, 'error while attempting '
OSError: [Errno 48] error while attempting to bind on address ('0.0.0.0', 8765): address already in use
